This is pdfTeX, Version 3.14159265-2.6-1.40.21 (TeX Live 2020) (preloaded format=pdflatex 2020.4.22)  26 AUG 2020 09:59
entering extended mode
 restricted \write18 enabled.
 %&-line parsing enabled.
**elsarticle-template-harv.tex
(./elsarticle-template-harv.tex
LaTeX2e <2020-02-02> patch level 5
L3 programming layer <2020-03-06>
(/usr/local/texlive/2020/texmf-dist/tex/latex/elsarticle/elsarticle.cls
Document Class: elsarticle 2019/02/25, 3.2: Elsevier Ltd
\@bls=\dimen134
(/usr/local/texlive/2020/texmf-dist/tex/latex/base/article.cls
Document Class: article 2019/12/20 v1.4l Standard LaTeX document class
(/usr/local/texlive/2020/texmf-dist/tex/latex/base/size10.clo
File: size10.clo 2019/12/20 v1.4l Standard LaTeX file (size option)
)
\c@part=\count167
\c@section=\count168
\c@subsection=\count169
\c@subsubsection=\count170
\c@paragraph=\count171
\c@subparagraph=\count172
\c@figure=\count173
\c@table=\count174
\abovecaptionskip=\skip47
\belowcaptionskip=\skip48
\bibindent=\dimen135
)
(/usr/local/texlive/2020/texmf-dist/tex/latex/graphics/graphicx.sty
Package: graphicx 2019/11/30 v1.2a Enhanced LaTeX Graphics (DPC,SPQR)

(/usr/local/texlive/2020/texmf-dist/tex/latex/graphics/keyval.sty
Package: keyval 2014/10/28 v1.15 key=value parser (DPC)
\KV@toks@=\toks15
)
(/usr/local/texlive/2020/texmf-dist/tex/latex/graphics/graphics.sty
Package: graphics 2019/11/30 v1.4a Standard LaTeX Graphics (DPC,SPQR)

(/usr/local/texlive/2020/texmf-dist/tex/latex/graphics/trig.sty
Package: trig 2016/01/03 v1.10 sin cos tan (DPC)
)
(/usr/local/texlive/2020/texmf-dist/tex/latex/graphics-cfg/graphics.cfg
File: graphics.cfg 2016/06/04 v1.11 sample graphics configuration
)
Package graphics Info: Driver file: pdftex.def on input line 105.

(/usr/local/texlive/2020/texmf-dist/tex/latex/graphics-def/pdftex.def
File: pdftex.def 2018/01/08 v1.0l Graphics/color driver for pdftex
))
\Gin@req@height=\dimen136
\Gin@req@width=\dimen137
)
\c@tnote=\count175
\c@fnote=\count176
\c@cnote=\count177
\c@ead=\count178
\c@author=\count179
\@eadauthor=\toks16
\c@affn=\count180
\absbox=\box45
\elsarticlehighlightsbox=\box46
\elsarticlegrabsbox=\box47
\keybox=\box48
\Columnwidth=\dimen138
\space@left=\dimen139
\els@boxa=\box49
\els@boxb=\box50
\leftMargin=\dimen140
\@enLab=\toks17
\@sep=\skip49
\@@sep=\skip50

(./elsarticle-template-harv.spl)
(/usr/local/texlive/2020/texmf-dist/tex/latex/natbib/natbib.sty
Package: natbib 2010/09/13 8.31b (PWD, AO)
\bibhang=\skip51
\bibsep=\skip52
LaTeX Info: Redefining \cite on input line 694.
\c@NAT@ctr=\count181
)
\splwrite=\write3
\openout3 = `elsarticle-template-harv.spl'.


(/usr/local/texlive/2020/texmf-dist/tex/latex/geometry/geometry.sty
Package: geometry 2020/01/02 v5.9 Page Geometry

(/usr/local/texlive/2020/texmf-dist/tex/generic/iftex/ifvtex.sty
Package: ifvtex 2019/10/25 v1.7 ifvtex legacy package. Use iftex instead.

(/usr/local/texlive/2020/texmf-dist/tex/generic/iftex/iftex.sty
Package: iftex 2020/03/06 v1.0d TeX engine tests
))
\Gm@cnth=\count182
\Gm@cntv=\count183
\c@Gm@tempcnt=\count184
\Gm@bindingoffset=\dimen141
\Gm@wd@mp=\dimen142
\Gm@odd@mp=\dimen143
\Gm@even@mp=\dimen144
\Gm@layoutwidth=\dimen145
\Gm@layoutheight=\dimen146
\Gm@layouthoffset=\dimen147
\Gm@layoutvoffset=\dimen148
\Gm@dimlist=\toks18
)
(/usr/local/texlive/2020/texmf-dist/tex/latex/base/fleqn.clo
File: fleqn.clo 2016/12/29 v1.2b Standard LaTeX option (flush left equations)
\mathindent=\dimen149
Applying: [2015/01/01] Make \[ robust on input line 50.
LaTeX Info: Redefining \[ on input line 51.
Already applied: [0000/00/00] Make \[ robust on input line 62.
Applying: [2015/01/01] Make \] robust on input line 74.
LaTeX Info: Redefining \] on input line 75.
Already applied: [0000/00/00] Make \] robust on input line 83.
)
\appnamewidth=\dimen150
)
(/usr/local/texlive/2020/texmf-dist/tex/latex/txfonts/txfonts.sty
Package: txfonts 2008/01/22 v3.2.1
LaTeX Font Info:    Redeclaring symbol font `operators' on input line 21.
LaTeX Font Info:    Overwriting symbol font `operators' in version `normal'
(Font)                  OT1/cmr/m/n --> OT1/txr/m/n on input line 21.
LaTeX Font Info:    Overwriting symbol font `operators' in version `bold'
(Font)                  OT1/cmr/bx/n --> OT1/txr/m/n on input line 21.
LaTeX Font Info:    Overwriting symbol font `operators' in version `bold'
(Font)                  OT1/txr/m/n --> OT1/txr/bx/n on input line 22.
\symitalic=\mathgroup4
LaTeX Font Info:    Overwriting symbol font `italic' in version `bold'
(Font)                  OT1/txr/m/it --> OT1/txr/bx/it on input line 26.
LaTeX Font Info:    Redeclaring math alphabet \mathbf on input line 29.
LaTeX Font Info:    Overwriting math alphabet `\mathbf' in version `normal'
(Font)                  OT1/cmr/bx/n --> OT1/txr/bx/n on input line 29.
LaTeX Font Info:    Overwriting math alphabet `\mathbf' in version `bold'
(Font)                  OT1/cmr/bx/n --> OT1/txr/bx/n on input line 29.
LaTeX Font Info:    Redeclaring math alphabet \mathit on input line 30.
LaTeX Font Info:    Overwriting math alphabet `\mathit' in version `normal'
(Font)                  OT1/cmr/m/it --> OT1/txr/m/it on input line 30.
LaTeX Font Info:    Overwriting math alphabet `\mathit' in version `bold'
(Font)                  OT1/cmr/bx/it --> OT1/txr/m/it on input line 30.
LaTeX Font Info:    Overwriting math alphabet `\mathit' in version `bold'
(Font)                  OT1/txr/m/it --> OT1/txr/bx/it on input line 31.
LaTeX Font Info:    Redeclaring math alphabet \mathsf on input line 40.
LaTeX Font Info:    Overwriting math alphabet `\mathsf' in version `normal'
(Font)                  OT1/cmss/m/n --> OT1/txss/m/n on input line 40.
LaTeX Font Info:    Overwriting math alphabet `\mathsf' in version `bold'
(Font)                  OT1/cmss/bx/n --> OT1/txss/m/n on input line 40.
LaTeX Font Info:    Overwriting math alphabet `\mathsf' in version `bold'
(Font)                  OT1/txss/m/n --> OT1/txss/b/n on input line 41.
LaTeX Font Info:    Redeclaring math alphabet \mathtt on input line 50.
LaTeX Font Info:    Overwriting math alphabet `\mathtt' in version `normal'
(Font)                  OT1/cmtt/m/n --> OT1/txtt/m/n on input line 50.
LaTeX Font Info:    Overwriting math alphabet `\mathtt' in version `bold'
(Font)                  OT1/cmtt/m/n --> OT1/txtt/m/n on input line 50.
LaTeX Font Info:    Overwriting math alphabet `\mathtt' in version `bold'
(Font)                  OT1/txtt/m/n --> OT1/txtt/b/n on input line 51.
LaTeX Font Info:    Redeclaring symbol font `letters' on input line 58.
LaTeX Font Info:    Overwriting symbol font `letters' in version `normal'
(Font)                  OML/cmm/m/it --> OML/txmi/m/it on input line 58.
LaTeX Font Info:    Overwriting symbol font `letters' in version `bold'
(Font)                  OML/cmm/b/it --> OML/txmi/m/it on input line 58.
LaTeX Font Info:    Overwriting symbol font `letters' in version `bold'
(Font)                  OML/txmi/m/it --> OML/txmi/bx/it on input line 59.
\symlettersA=\mathgroup5
LaTeX Font Info:    Overwriting symbol font `lettersA' in version `bold'
(Font)                  U/txmia/m/it --> U/txmia/bx/it on input line 67.
LaTeX Font Info:    Redeclaring symbol font `symbols' on input line 77.
LaTeX Font Info:    Overwriting symbol font `symbols' in version `normal'
(Font)                  OMS/cmsy/m/n --> OMS/txsy/m/n on input line 77.
LaTeX Font Info:    Overwriting symbol font `symbols' in version `bold'
(Font)                  OMS/cmsy/b/n --> OMS/txsy/m/n on input line 77.
LaTeX Font Info:    Overwriting symbol font `symbols' in version `bold'
(Font)                  OMS/txsy/m/n --> OMS/txsy/bx/n on input line 78.
\symAMSa=\mathgroup6
LaTeX Font Info:    Overwriting symbol font `AMSa' in version `bold'
(Font)                  U/txsya/m/n --> U/txsya/bx/n on input line 94.
\symAMSb=\mathgroup7
LaTeX Font Info:    Overwriting symbol font `AMSb' in version `bold'
(Font)                  U/txsyb/m/n --> U/txsyb/bx/n on input line 103.
\symsymbolsC=\mathgroup8
LaTeX Font Info:    Overwriting symbol font `symbolsC' in version `bold'
(Font)                  U/txsyc/m/n --> U/txsyc/bx/n on input line 113.
LaTeX Font Info:    Redeclaring symbol font `largesymbols' on input line 120.
LaTeX Font Info:    Overwriting symbol font `largesymbols' in version `normal'
(Font)                  OMX/cmex/m/n --> OMX/txex/m/n on input line 120.
LaTeX Font Info:    Overwriting symbol font `largesymbols' in version `bold'
(Font)                  OMX/cmex/m/n --> OMX/txex/m/n on input line 120.
LaTeX Font Info:    Overwriting symbol font `largesymbols' in version `bold'
(Font)                  OMX/txex/m/n --> OMX/txex/bx/n on input line 121.
\symlargesymbolsA=\mathgroup9
LaTeX Font Info:    Overwriting symbol font `largesymbolsA' in version `bold'
(Font)                  U/txexa/m/n --> U/txexa/bx/n on input line 129.
LaTeX Font Info:    Redeclaring math symbol \mathsterling on input line 164.
LaTeX Font Info:    Redeclaring math symbol \hbar on input line 591.
LaTeX Info: Redefining \not on input line 1043.
)
(/usr/local/texlive/2020/texmf-dist/tex/latex/amsfonts/amssymb.sty
Package: amssymb 2013/01/14 v3.01 AMS font symbols

(/usr/local/texlive/2020/texmf-dist/tex/latex/amsfonts/amsfonts.sty
Package: amsfonts 2013/01/14 v3.01 Basic AMSFonts support
\@emptytoks=\toks19
LaTeX Font Info:    Redeclaring symbol font `AMSa' on input line 59.
LaTeX Font Info:    Overwriting symbol font `AMSa' in version `normal'
(Font)                  U/txsya/m/n --> U/msa/m/n on input line 59.
LaTeX Font Info:    Overwriting symbol font `AMSa' in version `bold'
(Font)                  U/txsya/bx/n --> U/msa/m/n on input line 59.
LaTeX Font Info:    Redeclaring symbol font `AMSb' on input line 60.
LaTeX Font Info:    Overwriting symbol font `AMSb' in version `normal'
(Font)                  U/txsyb/m/n --> U/msb/m/n on input line 60.
LaTeX Font Info:    Overwriting symbol font `AMSb' in version `bold'
(Font)                  U/txsyb/bx/n --> U/msb/m/n on input line 60.
LaTeX Font Info:    Redeclaring math delimiter \ulcorner on input line 74.
LaTeX Font Info:    Redeclaring math delimiter \urcorner on input line 75.
LaTeX Font Info:    Redeclaring math delimiter \llcorner on input line 76.
LaTeX Font Info:    Redeclaring math delimiter \lrcorner on input line 77.
LaTeX Font Info:    Redeclaring math symbol \square on input line 141.
LaTeX Font Info:    Redeclaring math symbol \lozenge on input line 142.
)
LaTeX Font Info:    Redeclaring math symbol \boxdot on input line 44.
LaTeX Font Info:    Redeclaring math symbol \boxplus on input line 45.
LaTeX Font Info:    Redeclaring math symbol \boxtimes on input line 46.
LaTeX Font Info:    Redeclaring math symbol \blacksquare on input line 48.
LaTeX Font Info:    Redeclaring math symbol \centerdot on input line 49.
LaTeX Font Info:    Redeclaring math symbol \blacklozenge on input line 51.
LaTeX Font Info:    Redeclaring math symbol \circlearrowright on input line 52.

LaTeX Font Info:    Redeclaring math symbol \circlearrowleft on input line 53.
LaTeX Font Info:    Redeclaring math symbol \leftrightharpoons on input line 56
.
LaTeX Font Info:    Redeclaring math symbol \boxminus on input line 57.
LaTeX Font Info:    Redeclaring math symbol \Vdash on input line 58.
LaTeX Font Info:    Redeclaring math symbol \Vvdash on input line 59.
LaTeX Font Info:    Redeclaring math symbol \vDash on input line 60.
LaTeX Font Info:    Redeclaring math symbol \twoheadrightarrow on input line 61
.
LaTeX Font Info:    Redeclaring math symbol \twoheadleftarrow on input line 62.

LaTeX Font Info:    Redeclaring math symbol \leftleftarrows on input line 63.
LaTeX Font Info:    Redeclaring math symbol \rightrightarrows on input line 64.

LaTeX Font Info:    Redeclaring math symbol \upuparrows on input line 65.
LaTeX Font Info:    Redeclaring math symbol \downdownarrows on input line 66.
LaTeX Font Info:    Redeclaring math symbol \upharpoonright on input line 67.
LaTeX Font Info:    Redeclaring math symbol \downharpoonright on input line 69.

LaTeX Font Info:    Redeclaring math symbol \upharpoonleft on input line 70.
LaTeX Font Info:    Redeclaring math symbol \downharpoonleft on input line 71.
LaTeX Font Info:    Redeclaring math symbol \rightarrowtail on input line 72.
LaTeX Font Info:    Redeclaring math symbol \leftarrowtail on input line 73.
LaTeX Font Info:    Redeclaring math symbol \leftrightarrows on input line 74.
LaTeX Font Info:    Redeclaring math symbol \rightleftarrows on input line 75.
LaTeX Font Info:    Redeclaring math symbol \Lsh on input line 76.
LaTeX Font Info:    Redeclaring math symbol \Rsh on input line 77.
LaTeX Font Info:    Redeclaring math symbol \leftrightsquigarrow on input line 
79.
LaTeX Font Info:    Redeclaring math symbol \looparrowleft on input line 80.
LaTeX Font Info:    Redeclaring math symbol \looparrowright on input line 81.
LaTeX Font Info:    Redeclaring math symbol \circeq on input line 82.
LaTeX Font Info:    Redeclaring math symbol \succsim on input line 83.
LaTeX Font Info:    Redeclaring math symbol \gtrsim on input line 84.
LaTeX Font Info:    Redeclaring math symbol \gtrapprox on input line 85.
LaTeX Font Info:    Redeclaring math symbol \multimap on input line 86.
LaTeX Font Info:    Redeclaring math symbol \therefore on input line 87.
LaTeX Font Info:    Redeclaring math symbol \because on input line 88.
LaTeX Font Info:    Redeclaring math symbol \doteqdot on input line 89.
LaTeX Font Info:    Redeclaring math symbol \triangleq on input line 91.
LaTeX Font Info:    Redeclaring math symbol \precsim on input line 92.
LaTeX Font Info:    Redeclaring math symbol \lesssim on input line 93.
LaTeX Font Info:    Redeclaring math symbol \lessapprox on input line 94.
LaTeX Font Info:    Redeclaring math symbol \eqslantless on input line 95.
LaTeX Font Info:    Redeclaring math symbol \eqslantgtr on input line 96.
LaTeX Font Info:    Redeclaring math symbol \curlyeqprec on input line 97.
LaTeX Font Info:    Redeclaring math symbol \curlyeqsucc on input line 98.
LaTeX Font Info:    Redeclaring math symbol \preccurlyeq on input line 99.
LaTeX Font Info:    Redeclaring math symbol \leqq on input line 100.
LaTeX Font Info:    Redeclaring math symbol \leqslant on input line 101.
LaTeX Font Info:    Redeclaring math symbol \lessgtr on input line 102.
LaTeX Font Info:    Redeclaring math symbol \backprime on input line 103.
LaTeX Font Info:    Redeclaring math symbol \risingdotseq on input line 104.
LaTeX Font Info:    Redeclaring math symbol \fallingdotseq on input line 105.
LaTeX Font Info:    Redeclaring math symbol \succcurlyeq on input line 106.
LaTeX Font Info:    Redeclaring math symbol \geqq on input line 107.
LaTeX Font Info:    Redeclaring math symbol \geqslant on input line 108.
LaTeX Font Info:    Redeclaring math symbol \gtrless on input line 109.
LaTeX Font Info:    Redeclaring math symbol \bigstar on input line 117.
LaTeX Font Info:    Redeclaring math symbol \between on input line 118.
LaTeX Font Info:    Redeclaring math symbol \blacktriangledown on input line 11
9.
LaTeX Font Info:    Redeclaring math symbol \blacktriangleright on input line 1
20.
LaTeX Font Info:    Redeclaring math symbol \blacktriangleleft on input line 12
1.
LaTeX Font Info:    Redeclaring math symbol \vartriangle on input line 122.
LaTeX Font Info:    Redeclaring math symbol \blacktriangle on input line 123.
LaTeX Font Info:    Redeclaring math symbol \triangledown on input line 124.
LaTeX Font Info:    Redeclaring math symbol \eqcirc on input line 125.
LaTeX Font Info:    Redeclaring math symbol \lesseqgtr on input line 126.
LaTeX Font Info:    Redeclaring math symbol \gtreqless on input line 127.
LaTeX Font Info:    Redeclaring math symbol \lesseqqgtr on input line 128.
LaTeX Font Info:    Redeclaring math symbol \gtreqqless on input line 129.
LaTeX Font Info:    Redeclaring math symbol \Rrightarrow on input line 130.
LaTeX Font Info:    Redeclaring math symbol \Lleftarrow on input line 131.
LaTeX Font Info:    Redeclaring math symbol \veebar on input line 132.
LaTeX Font Info:    Redeclaring math symbol \barwedge on input line 133.
LaTeX Font Info:    Redeclaring math symbol \doublebarwedge on input line 134.
LaTeX Font Info:    Redeclaring math symbol \measuredangle on input line 137.
LaTeX Font Info:    Redeclaring math symbol \sphericalangle on input line 138.
LaTeX Font Info:    Redeclaring math symbol \varpropto on input line 139.
LaTeX Font Info:    Redeclaring math symbol \smallsmile on input line 140.
LaTeX Font Info:    Redeclaring math symbol \smallfrown on input line 141.
LaTeX Font Info:    Redeclaring math symbol \Subset on input line 142.
LaTeX Font Info:    Redeclaring math symbol \Supset on input line 143.
LaTeX Font Info:    Redeclaring math symbol \Cup on input line 144.
LaTeX Font Info:    Redeclaring math symbol \Cap on input line 146.
LaTeX Font Info:    Redeclaring math symbol \curlywedge on input line 148.
LaTeX Font Info:    Redeclaring math symbol \curlyvee on input line 149.
LaTeX Font Info:    Redeclaring math symbol \leftthreetimes on input line 150.
LaTeX Font Info:    Redeclaring math symbol \rightthreetimes on input line 151.

LaTeX Font Info:    Redeclaring math symbol \subseteqq on input line 152.
LaTeX Font Info:    Redeclaring math symbol \supseteqq on input line 153.
LaTeX Font Info:    Redeclaring math symbol \bumpeq on input line 154.
LaTeX Font Info:    Redeclaring math symbol \Bumpeq on input line 155.
LaTeX Font Info:    Redeclaring math symbol \lll on input line 156.
LaTeX Font Info:    Redeclaring math symbol \ggg on input line 158.
LaTeX Font Info:    Redeclaring math symbol \circledS on input line 160.
LaTeX Font Info:    Redeclaring math symbol \pitchfork on input line 161.
LaTeX Font Info:    Redeclaring math symbol \dotplus on input line 162.
LaTeX Font Info:    Redeclaring math symbol \backsim on input line 163.
LaTeX Font Info:    Redeclaring math symbol \backsimeq on input line 164.
LaTeX Font Info:    Redeclaring math symbol \complement on input line 165.
LaTeX Font Info:    Redeclaring math symbol \intercal on input line 166.
LaTeX Font Info:    Redeclaring math symbol \circledcirc on input line 167.
LaTeX Font Info:    Redeclaring math symbol \circledast on input line 168.
LaTeX Font Info:    Redeclaring math symbol \circleddash on input line 169.
LaTeX Font Info:    Redeclaring math symbol \lvertneqq on input line 171.
LaTeX Font Info:    Redeclaring math symbol \gvertneqq on input line 172.
LaTeX Font Info:    Redeclaring math symbol \nleq on input line 173.
LaTeX Font Info:    Redeclaring math symbol \ngeq on input line 174.
LaTeX Font Info:    Redeclaring math symbol \nless on input line 175.
LaTeX Font Info:    Redeclaring math symbol \ngtr on input line 176.
LaTeX Font Info:    Redeclaring math symbol \nprec on input line 177.
LaTeX Font Info:    Redeclaring math symbol \nsucc on input line 178.
LaTeX Font Info:    Redeclaring math symbol \lneqq on input line 179.
LaTeX Font Info:    Redeclaring math symbol \gneqq on input line 180.
LaTeX Font Info:    Redeclaring math symbol \nleqslant on input line 181.
LaTeX Font Info:    Redeclaring math symbol \ngeqslant on input line 182.
LaTeX Font Info:    Redeclaring math symbol \lneq on input line 183.
LaTeX Font Info:    Redeclaring math symbol \gneq on input line 184.
LaTeX Font Info:    Redeclaring math symbol \npreceq on input line 185.
LaTeX Font Info:    Redeclaring math symbol \nsucceq on input line 186.
LaTeX Font Info:    Redeclaring math symbol \precnsim on input line 187.
LaTeX Font Info:    Redeclaring math symbol \succnsim on input line 188.
LaTeX Font Info:    Redeclaring math symbol \lnsim on input line 189.
LaTeX Font Info:    Redeclaring math symbol \gnsim on input line 190.
LaTeX Font Info:    Redeclaring math symbol \nleqq on input line 191.
LaTeX Font Info:    Redeclaring math symbol \ngeqq on input line 192.
LaTeX Font Info:    Redeclaring math symbol \precneqq on input line 193.
LaTeX Font Info:    Redeclaring math symbol \succneqq on input line 194.
LaTeX Font Info:    Redeclaring math symbol \precnapprox on input line 195.
LaTeX Font Info:    Redeclaring math symbol \succnapprox on input line 196.
LaTeX Font Info:    Redeclaring math symbol \lnapprox on input line 197.
LaTeX Font Info:    Redeclaring math symbol \gnapprox on input line 198.
LaTeX Font Info:    Redeclaring math symbol \nsim on input line 199.
LaTeX Font Info:    Redeclaring math symbol \ncong on input line 200.
LaTeX Font Info:    Redeclaring math symbol \diagup on input line 201.
LaTeX Font Info:    Redeclaring math symbol \diagdown on input line 202.
LaTeX Font Info:    Redeclaring math symbol \varsubsetneq on input line 203.
LaTeX Font Info:    Redeclaring math symbol \varsupsetneq on input line 204.
LaTeX Font Info:    Redeclaring math symbol \nsubseteqq on input line 205.
LaTeX Font Info:    Redeclaring math symbol \nsupseteqq on input line 206.
LaTeX Font Info:    Redeclaring math symbol \subsetneqq on input line 207.
LaTeX Font Info:    Redeclaring math symbol \supsetneqq on input line 208.
LaTeX Font Info:    Redeclaring math symbol \varsubsetneqq on input line 209.
LaTeX Font Info:    Redeclaring math symbol \varsupsetneqq on input line 210.
LaTeX Font Info:    Redeclaring math symbol \subsetneq on input line 211.
LaTeX Font Info:    Redeclaring math symbol \supsetneq on input line 212.
LaTeX Font Info:    Redeclaring math symbol \nsubseteq on input line 213.
LaTeX Font Info:    Redeclaring math symbol \nsupseteq on input line 214.
LaTeX Font Info:    Redeclaring math symbol \nparallel on input line 215.
LaTeX Font Info:    Redeclaring math symbol \nmid on input line 216.
LaTeX Font Info:    Redeclaring math symbol \nshortmid on input line 217.
LaTeX Font Info:    Redeclaring math symbol \nshortparallel on input line 218.
LaTeX Font Info:    Redeclaring math symbol \nvdash on input line 219.
LaTeX Font Info:    Redeclaring math symbol \nVdash on input line 220.
LaTeX Font Info:    Redeclaring math symbol \nvDash on input line 221.
LaTeX Font Info:    Redeclaring math symbol \nVDash on input line 222.
LaTeX Font Info:    Redeclaring math symbol \ntrianglerighteq on input line 223
.
LaTeX Font Info:    Redeclaring math symbol \ntrianglelefteq on input line 224.

LaTeX Font Info:    Redeclaring math symbol \ntriangleleft on input line 225.
LaTeX Font Info:    Redeclaring math symbol \ntriangleright on input line 226.
LaTeX Font Info:    Redeclaring math symbol \nleftarrow on input line 227.
LaTeX Font Info:    Redeclaring math symbol \nrightarrow on input line 228.
LaTeX Font Info:    Redeclaring math symbol \nLeftarrow on input line 229.
LaTeX Font Info:    Redeclaring math symbol \nRightarrow on input line 230.
LaTeX Font Info:    Redeclaring math symbol \nLeftrightarrow on input line 231.

LaTeX Font Info:    Redeclaring math symbol \nleftrightarrow on input line 232.

LaTeX Font Info:    Redeclaring math symbol \divideontimes on input line 233.
LaTeX Font Info:    Redeclaring math symbol \varnothing on input line 234.
LaTeX Font Info:    Redeclaring math symbol \nexists on input line 235.
LaTeX Font Info:    Redeclaring math symbol \Finv on input line 236.
LaTeX Font Info:    Redeclaring math symbol \Game on input line 237.
LaTeX Font Info:    Redeclaring math symbol \eth on input line 240.
LaTeX Font Info:    Redeclaring math symbol \eqsim on input line 241.
LaTeX Font Info:    Redeclaring math symbol \beth on input line 242.
LaTeX Font Info:    Redeclaring math symbol \gimel on input line 243.
LaTeX Font Info:    Redeclaring math symbol \daleth on input line 244.
LaTeX Font Info:    Redeclaring math symbol \lessdot on input line 245.
LaTeX Font Info:    Redeclaring math symbol \gtrdot on input line 246.
LaTeX Font Info:    Redeclaring math symbol \ltimes on input line 247.
LaTeX Font Info:    Redeclaring math symbol \rtimes on input line 248.
LaTeX Font Info:    Redeclaring math symbol \shortmid on input line 249.
LaTeX Font Info:    Redeclaring math symbol \shortparallel on input line 250.
LaTeX Font Info:    Redeclaring math symbol \smallsetminus on input line 251.
LaTeX Font Info:    Redeclaring math symbol \thicksim on input line 252.
LaTeX Font Info:    Redeclaring math symbol \thickapprox on input line 253.
LaTeX Font Info:    Redeclaring math symbol \approxeq on input line 254.
LaTeX Font Info:    Redeclaring math symbol \succapprox on input line 255.
LaTeX Font Info:    Redeclaring math symbol \precapprox on input line 256.
LaTeX Font Info:    Redeclaring math symbol \curvearrowleft on input line 257.
LaTeX Font Info:    Redeclaring math symbol \curvearrowright on input line 258.

LaTeX Font Info:    Redeclaring math symbol \digamma on input line 259.
LaTeX Font Info:    Redeclaring math symbol \varkappa on input line 260.
LaTeX Font Info:    Redeclaring math symbol \Bbbk on input line 261.
LaTeX Font Info:    Redeclaring math symbol \hslash on input line 262.
LaTeX Font Info:    Redeclaring math symbol \backepsilon on input line 265.
)
(/usr/local/texlive/2020/texmf-dist/tex/latex/amscls/amsthm.sty
Package: amsthm 2017/10/31 v2.20.4
\thm@style=\toks20
\thm@bodyfont=\toks21
\thm@headfont=\toks22
\thm@notefont=\toks23
\thm@headpunct=\toks24
\thm@preskip=\skip53
\thm@postskip=\skip54
\thm@headsep=\skip55
\dth@everypar=\toks25
LaTeX Info: Redefining \qed on input line 274.
LaTeX Info: Redefining \textsquare on input line 428.
)
(/usr/local/texlive/2020/texmf-dist/tex/latex/amsmath/amsmath.sty
Package: amsmath 2020/01/20 v2.17e AMS math features
\@mathmargin=\skip56

For additional information on amsmath, use the `?' option.
(/usr/local/texlive/2020/texmf-dist/tex/latex/amsmath/amstext.sty
Package: amstext 2000/06/29 v2.01 AMS text

(/usr/local/texlive/2020/texmf-dist/tex/latex/amsmath/amsgen.sty
File: amsgen.sty 1999/11/30 v2.0 generic functions
\@emptytoks=\toks26
\ex@=\dimen151
))
(/usr/local/texlive/2020/texmf-dist/tex/latex/amsmath/amsbsy.sty
Package: amsbsy 1999/11/29 v1.2d Bold Symbols
\pmbraise@=\dimen152
)
(/usr/local/texlive/2020/texmf-dist/tex/latex/amsmath/amsopn.sty
Package: amsopn 2016/03/08 v2.02 operator names
)
\inf@bad=\count185
LaTeX Info: Redefining \frac on input line 227.
\uproot@=\count186
\leftroot@=\count187
LaTeX Info: Redefining \overline on input line 389.
\classnum@=\count188
\DOTSCASE@=\count189
LaTeX Info: Redefining \ldots on input line 486.
LaTeX Info: Redefining \dots on input line 489.
LaTeX Info: Redefining \cdots on input line 610.
\Mathstrutbox@=\box51
\strutbox@=\box52
\big@size=\dimen153
LaTeX Font Info:    Redeclaring font encoding OML on input line 733.
LaTeX Font Info:    Redeclaring font encoding OMS on input line 734.
\macc@depth=\count190
\c@MaxMatrixCols=\count191
\dotsspace@=\muskip16
\c@parentequation=\count192
\dspbrk@lvl=\count193
\tag@help=\toks27
\row@=\count194
\column@=\count195
\maxfields@=\count196
\andhelp@=\toks28
\eqnshift@=\dimen154
\alignsep@=\dimen155
\tagshift@=\dimen156
\tagwidth@=\dimen157
\totwidth@=\dimen158
\lineht@=\dimen159
\@envbody=\toks29
\multlinegap=\skip57
\multlinetaggap=\skip58
\mathdisplay@stack=\toks30
LaTeX Info: Redefining \[ on input line 2859.
LaTeX Info: Redefining \] on input line 2860.
)
(/usr/local/texlive/2020/texmf-dist/tex/latex/mathtools/mathtools.sty
Package: mathtools 2020/03/24 v1.24 mathematical typesetting tools

(/usr/local/texlive/2020/texmf-dist/tex/latex/tools/calc.sty
Package: calc 2017/05/25 v4.3 Infix arithmetic (KKT,FJ)
\calc@Acount=\count197
\calc@Bcount=\count198
\calc@Adimen=\dimen160
\calc@Bdimen=\dimen161
\calc@Askip=\skip59
\calc@Bskip=\skip60
LaTeX Info: Redefining \setlength on input line 80.
LaTeX Info: Redefining \addtolength on input line 81.
\calc@Ccount=\count199
\calc@Cskip=\skip61
)
(/usr/local/texlive/2020/texmf-dist/tex/latex/mathtools/mhsetup.sty
Package: mhsetup 2017/03/31 v1.3 programming setup (MH)
)
LaTeX Info: Thecontrolsequence`\('isalreadyrobust on input line 130.
LaTeX Info: Thecontrolsequence`\)'isalreadyrobust on input line 130.
LaTeX Info: Thecontrolsequence`\['isalreadyrobust on input line 130.
LaTeX Info: Thecontrolsequence`\]'isalreadyrobust on input line 130.
\g_MT_multlinerow_int=\count266
\l_MT_multwidth_dim=\dimen162
\origjot=\skip62
\l_MT_shortvdotswithinadjustabove_dim=\dimen163
\l_MT_shortvdotswithinadjustbelow_dim=\dimen164
\l_MT_above_intertext_sep=\dimen165
\l_MT_below_intertext_sep=\dimen166
\l_MT_above_shortintertext_sep=\dimen167
\l_MT_below_shortintertext_sep=\dimen168
\xmathstrut@box=\box53
\xmathstrut@dim=\dimen169
)
(/usr/local/texlive/2020/texmf-dist/tex/latex/booktabs/booktabs.sty
Package: booktabs 2020/01/12 v1.61803398 Publication quality tables
\heavyrulewidth=\dimen170
\lightrulewidth=\dimen171
\cmidrulewidth=\dimen172
\belowrulesep=\dimen173
\belowbottomsep=\dimen174
\aboverulesep=\dimen175
\abovetopsep=\dimen176
\cmidrulesep=\dimen177
\cmidrulekern=\dimen178
\defaultaddspace=\dimen179
\@cmidla=\count267
\@cmidlb=\count268
\@aboverulesep=\dimen180
\@belowrulesep=\dimen181
\@thisruleclass=\count269
\@lastruleclass=\count270
\@thisrulewidth=\dimen182
)
(/usr/local/texlive/2020/texmf-dist/tex/latex/mhchem/mhchem.sty
Package: mhchem 2018/06/22 v4.08 for typesetting chemical formulae

(/usr/local/texlive/2020/texmf-dist/tex/latex/l3kernel/expl3.sty
Package: expl3 2020-03-06 L3 programming layer (loader) 

(/usr/local/texlive/2020/texmf-dist/tex/latex/l3backend/l3backend-pdfmode.def
File: l3backend-pdfmode.def 2020-03-12 L3 backend support: PDF mode
\l__kernel_color_stack_int=\count271
\l__pdf_internal_box=\box54
)) (/usr/local/texlive/2020/texmf-dist/tex/latex/l3packages/l3keys2e/l3keys2e.s
ty
Package: l3keys2e 2020-03-06 LaTeX2e option processing using LaTeX3 keys
) (/usr/local/texlive/2020/texmf-dist/tex/latex/chemgreek/chemgreek.sty
(/usr/local/texlive/2020/texmf-dist/tex/latex/l3packages/xparse/xparse.sty
Package: xparse 2020-03-06 L3 Experimental document command parser
\l__xparse_current_arg_int=\count272
\g__xparse_grabber_int=\count273
\l__xparse_m_args_int=\count274
\l__xparse_v_nesting_int=\count275
)
Package: chemgreek 2020/01/16 v1.1a interface for upright Greek letters for use
 in chemistry (CN)
\l__chemgreek_tmpa_int=\count276
\g__chemgreek_tmpa_int=\count277
)
\l__mhchem_ce_distanceFromLastComma_int=\count278
\__mhchem_arrow_extPgfLength_skip=\skip63
\mhchem@minispace@tmp=\skip64
\mhchem@minibackspace@tmp=\skip65
\mhchem@bondwidth=\skip66
\mhchem@bondheight=\skip67
\mhchem@smallbondwidth@tmpA=\skip68
\mhchem@smallbondwidth@tmpB=\skip69
\mhchem@smallbondwidth=\skip70
\mhchem@bondtmp@minussidebearingleft=\skip71
\mhchem@bondtmp@minussidebearingright=\skip72
\l__mhchem_option_version_int=\count279
\mhchem@option@minusmathsidebearingleft=\dimen183
\mhchem@option@minusmathsidebearingright=\dimen184
\mhchem@option@minustextsidebearingleft=\dimen185
\mhchem@option@minustextsidebearingright=\dimen186


Package mhchem Warning: You did not specify a 'version' option for the mhchem
(mhchem)                package. Please write \usepackage[version=4]{mhchem}
(mhchem)                in your preamble (or any lower number for
(mhchem)                compatibility mode), because you might get slightly
(mhchem)                different output with the same input in future versions
.

) (/usr/local/texlive/2020/texmf-dist/tex/latex/xcolor/xcolor.sty
Package: xcolor 2016/05/11 v2.12 LaTeX color extensions (UK)

(/usr/local/texlive/2020/texmf-dist/tex/latex/graphics-cfg/color.cfg
File: color.cfg 2016/01/02 v1.6 sample color configuration
)
Package xcolor Info: Driver file: pdftex.def on input line 225.
Package xcolor Info: Model `cmy' substituted by `cmy0' on input line 1348.
Package xcolor Info: Model `hsb' substituted by `rgb' on input line 1352.
Package xcolor Info: Model `RGB' extended on input line 1364.
Package xcolor Info: Model `HTML' substituted by `rgb' on input line 1366.
Package xcolor Info: Model `Hsb' substituted by `hsb' on input line 1367.
Package xcolor Info: Model `tHsb' substituted by `hsb' on input line 1368.
Package xcolor Info: Model `HSB' substituted by `hsb' on input line 1369.
Package xcolor Info: Model `Gray' substituted by `gray' on input line 1370.
Package xcolor Info: Model `wave' substituted by `hsb' on input line 1371.
)
(/usr/local/texlive/2020/texmf-dist/tex/latex/csvsimple/csvsimple.sty
Package: csvsimple 2019/04/09 version 1.21 LaTeX CSV file processing

(/usr/local/texlive/2020/texmf-dist/tex/latex/pgf/utilities/pgfrcs.sty
(/usr/local/texlive/2020/texmf-dist/tex/generic/pgf/utilities/pgfutil-common.te
x
\pgfutil@everybye=\toks31
\pgfutil@tempdima=\dimen187
\pgfutil@tempdimb=\dimen188

(/usr/local/texlive/2020/texmf-dist/tex/generic/pgf/utilities/pgfutil-common-li
sts.tex))
(/usr/local/texlive/2020/texmf-dist/tex/generic/pgf/utilities/pgfutil-latex.def
\pgfutil@abb=\box55
(/usr/local/texlive/2020/texmf-dist/tex/latex/ms/everyshi.sty
Package: everyshi 2001/05/15 v3.00 EveryShipout Package (MS)
))
(/usr/local/texlive/2020/texmf-dist/tex/generic/pgf/utilities/pgfrcs.code.tex
(/usr/local/texlive/2020/texmf-dist/tex/generic/pgf/pgf.revision.tex)
Package: pgfrcs 2020/01/08 v3.1.5b (3.1.5b)
))
(/usr/local/texlive/2020/texmf-dist/tex/latex/pgf/utilities/pgfkeys.sty
(/usr/local/texlive/2020/texmf-dist/tex/generic/pgf/utilities/pgfkeys.code.tex
\pgfkeys@pathtoks=\toks32
\pgfkeys@temptoks=\toks33

(/usr/local/texlive/2020/texmf-dist/tex/generic/pgf/utilities/pgfkeysfiltered.c
ode.tex
\pgfkeys@tmptoks=\toks34
))) (/usr/local/texlive/2020/texmf-dist/tex/latex/base/ifthen.sty
Package: ifthen 2014/09/29 v1.1c Standard LaTeX ifthen package (DPC)
)
(/usr/local/texlive/2020/texmf-dist/tex/latex/etoolbox/etoolbox.sty
Package: etoolbox 2019/09/21 v2.5h e-TeX tools for LaTeX (JAW)
\etb@tempcnta=\count280
)
(/usr/local/texlive/2020/texmf-dist/tex/latex/tools/shellesc.sty
Package: shellesc 2019/11/08 v1.0c unified shell escape interface for LaTeX
Package shellesc Info: Restricted shell escape enabled on input line 77.
)
\csv@file=\read2
\c@csvinputline=\count281
\c@csvrow=\count282
\c@csvcol=\count283
\csv@out=\write4
)
(/usr/local/texlive/2020/texmf-dist/tex/latex/graphics/lscape.sty
Package: lscape 2000/10/22 v3.01 Landscape Pages (DPC)
)
(/usr/local/texlive/2020/texmf-dist/tex/latex/algorithms/algorithm.sty
Package: algorithm 2009/08/24 v0.1 Document Style `algorithm' - floating enviro
nment

(/usr/local/texlive/2020/texmf-dist/tex/latex/float/float.sty
Package: float 2001/11/08 v1.3d Float enhancements (AL)
\c@float@type=\count284
\float@exts=\toks35
\float@box=\box56
\@float@everytoks=\toks36
\@floatcapt=\box57
)
\@float@every@algorithm=\toks37
\c@algorithm=\count285
)
(/usr/local/texlive/2020/texmf-dist/tex/latex/algorithmicx/algorithmicx.sty
Package: algorithmicx 2005/04/27 v1.2 Algorithmicx

Document Style algorithmicx 1.2 - a greatly improved `algorithmic' style
\c@ALG@line=\count286
\c@ALG@rem=\count287
\c@ALG@nested=\count288
\ALG@tlm=\skip73
\ALG@thistlm=\skip74
\c@ALG@Lnr=\count289
\c@ALG@blocknr=\count290
\c@ALG@storecount=\count291
\c@ALG@tmpcounter=\count292
\ALG@tmplength=\skip75
) (/usr/local/texlive/2020/texmf-dist/tex/latex/algorithmicx/algpseudocode.sty
Package: algpseudocode 

Document Style - pseudocode environments for use with the `algorithmicx' style
) (/usr/local/texlive/2020/texmf-dist/tex/latex/adjustbox/adjustbox.sty
Package: adjustbox 2019/01/04 v1.2 Adjusting TeX boxes (trim, clip, ...)

(/usr/local/texlive/2020/texmf-dist/tex/latex/xkeyval/xkeyval.sty
Package: xkeyval 2014/12/03 v2.7a package option processing (HA)

(/usr/local/texlive/2020/texmf-dist/tex/generic/xkeyval/xkeyval.tex
(/usr/local/texlive/2020/texmf-dist/tex/generic/xkeyval/xkvutils.tex
\XKV@toks=\toks38
\XKV@tempa@toks=\toks39
)
\XKV@depth=\count293
File: xkeyval.tex 2014/12/03 v2.7a key=value parser (HA)
))
(/usr/local/texlive/2020/texmf-dist/tex/latex/adjustbox/adjcalc.sty
Package: adjcalc 2012/05/16 v1.1 Provides advanced setlength with multiple back
-ends (calc, etex, pgfmath)
)
(/usr/local/texlive/2020/texmf-dist/tex/latex/adjustbox/trimclip.sty
Package: trimclip 2018/04/08 v1.1 Trim and clip general TeX material

(/usr/local/texlive/2020/texmf-dist/tex/latex/collectbox/collectbox.sty
Package: collectbox 2012/05/17 v0.4b Collect macro arguments as boxes
\collectedbox=\box58
)
\tc@llx=\dimen189
\tc@lly=\dimen190
\tc@urx=\dimen191
\tc@ury=\dimen192
Package trimclip Info: Using driver 'tc-pdftex.def'.

(/usr/local/texlive/2020/texmf-dist/tex/latex/adjustbox/tc-pdftex.def
File: tc-pdftex.def 2019/01/04 v2.2 Clipping driver for pdftex
))
\adjbox@Width=\dimen193
\adjbox@Height=\dimen194
\adjbox@Depth=\dimen195
\adjbox@Totalheight=\dimen196
\adjbox@pwidth=\dimen197
\adjbox@pheight=\dimen198
\adjbox@pdepth=\dimen199
\adjbox@ptotalheight=\dimen256

(/usr/local/texlive/2020/texmf-dist/tex/latex/ifoddpage/ifoddpage.sty
Package: ifoddpage 2016/04/23 v1.1 Conditionals for odd/even page detection
\c@checkoddpage=\count294
)
(/usr/local/texlive/2020/texmf-dist/tex/latex/varwidth/varwidth.sty
Package: varwidth 2009/03/30 ver 0.92;  Variable-width minipages
\@vwid@box=\box59
\sift@deathcycles=\count295
\@vwid@loff=\dimen257
\@vwid@roff=\dimen258
))
(/usr/local/texlive/2020/texmf-dist/tex/latex/graphics/rotating.sty
Package: rotating 2016/08/11 v2.16d rotated objects in LaTeX
\c@r@tfl@t=\count296
\rotFPtop=\skip76
\rotFPbot=\skip77
\rot@float@box=\box60
\rot@mess@toks=\toks40
)
(/usr/local/texlive/2020/texmf-dist/tex/latex/caption/subcaption.sty
Package: subcaption 2020/01/22 v1.3d Sub-captions (AR)

(/usr/local/texlive/2020/texmf-dist/tex/latex/caption/caption.sty
Package: caption 2020/01/03 v3.4h Customizing captions (AR)

(/usr/local/texlive/2020/texmf-dist/tex/latex/caption/caption3.sty
Package: caption3 2020/01/03 v1.8h caption3 kernel (AR)
Package caption3 Info: TeX engine: e-TeX on input line 61.
\captionmargin=\dimen259
\captionmargin@=\dimen260
\captionwidth=\dimen261
\caption@tempdima=\dimen262
\caption@indent=\dimen263
\caption@parindent=\dimen264
\caption@hangindent=\dimen265
Package caption Info: elsarticle document class detected.
)
\c@caption@flags=\count297
\c@continuedfloat=\count298
Package caption Info: float package is loaded.
Package caption Info: rotating package is loaded.
)
\c@subfigure=\count299
\c@subtable=\count300
)
(/usr/local/texlive/2020/texmf-dist/tex/latex/mwe/mwe.sty
Package: mwe 2018/03/30 v0.5 Package to support minimal working examples (MWE)

(/usr/local/texlive/2020/texmf-dist/tex/latex/lipsum/lipsum.sty
Package: lipsum 2019/01/02 v2.2 150 paragraphs of Lorem Ipsum dummy text

(/usr/local/texlive/2020/texmf-dist/tex/latex/lipsum/lipsum.ltd.tex
File: lipsum.ltd.tex 2019/01/02 v2.2 The Lorem ipsum dummy text
))
(/usr/local/texlive/2020/texmf-dist/tex/latex/blindtext/blindtext.sty
Package: blindtext 2012/01/06 V2.0 blindtext-Package

(/usr/local/texlive/2020/texmf-dist/tex/latex/tools/xspace.sty
Package: xspace 2014/10/28 v1.13 Space after command names (DPC,MH)
)
\c@blindtext=\count301
\c@Blindtext=\count302
\c@blind@countparstart=\count303
\blind@countxx=\count304
\blindtext@numBlindtext=\count305
\blind@countyy=\count306
\c@blindlist=\count307
\c@blindlistlevel=\count308
\c@blindlist@level=\count309
\blind@listitem=\count310
\c@blind@listcount=\count311
\c@blind@levelcount=\count312
\blind@mathformula=\count313
\blind@Mathformula=\count314
\c@blind@randomcount=\count315
\c@blind@randommax=\count316
\c@blind@pangramcount=\count317
\c@blind@pangrammax=\count318
))
(./elsarticle-template-harv.aux)
\openout1 = `elsarticle-template-harv.aux'.

LaTeX Font Info:    Checking defaults for OML/txmi/m/it on input line 66.
LaTeX Font Info:    Trying to load font information for OML+txmi on input line 
66.

(/usr/local/texlive/2020/texmf-dist/tex/latex/txfonts/omltxmi.fd
File: omltxmi.fd 2000/12/15 v3.1
)
LaTeX Font Info:    ... okay on input line 66.
LaTeX Font Info:    Checking defaults for OMS/txsy/m/n on input line 66.
LaTeX Font Info:    Trying to load font information for OMS+txsy on input line 
66.

(/usr/local/texlive/2020/texmf-dist/tex/latex/txfonts/omstxsy.fd
File: omstxsy.fd 2000/12/15 v3.1
)
LaTeX Font Info:    ... okay on input line 66.
LaTeX Font Info:    Checking defaults for OT1/cmr/m/n on input line 66.
LaTeX Font Info:    ... okay on input line 66.
LaTeX Font Info:    Checking defaults for T1/cmr/m/n on input line 66.
LaTeX Font Info:    ... okay on input line 66.
LaTeX Font Info:    Checking defaults for TS1/cmr/m/n on input line 66.
LaTeX Font Info:    ... okay on input line 66.
LaTeX Font Info:    Checking defaults for OMX/txex/m/n on input line 66.
LaTeX Font Info:    Trying to load font information for OMX+txex on input line 
66.

(/usr/local/texlive/2020/texmf-dist/tex/latex/txfonts/omxtxex.fd
File: omxtxex.fd 2000/12/15 v3.1
)
LaTeX Font Info:    ... okay on input line 66.
LaTeX Font Info:    Checking defaults for U/txexa/m/n on input line 66.
LaTeX Font Info:    Trying to load font information for U+txexa on input line 6
6.

(/usr/local/texlive/2020/texmf-dist/tex/latex/txfonts/utxexa.fd
File: utxexa.fd 2000/12/15 v3.1
)
LaTeX Font Info:    ... okay on input line 66.
LaTeX Font Info:    Trying to load font information for OT1+txr on input line 6
6.

(/usr/local/texlive/2020/texmf-dist/tex/latex/txfonts/ot1txr.fd
File: ot1txr.fd 2000/12/15 v3.1
)
(/usr/local/texlive/2020/texmf-dist/tex/context/base/mkii/supp-pdf.mkii
[Loading MPS to PDF converter (version 2006.09.02).]
\scratchcounter=\count319
\scratchdimen=\dimen266
\scratchbox=\box61
\nofMPsegments=\count320
\nofMParguments=\count321
\everyMPshowfont=\toks41
\MPscratchCnt=\count322
\MPscratchDim=\dimen267
\MPnumerator=\count323
\makeMPintoPDFobject=\count324
\everyMPtoPDFconversion=\toks42
) (/usr/local/texlive/2020/texmf-dist/tex/latex/epstopdf-pkg/epstopdf-base.sty
Package: epstopdf-base 2020-01-24 v2.11 Base part for package epstopdf
Package epstopdf-base Info: Redefining graphics rule for `.eps' on input line 4
85.

(/usr/local/texlive/2020/texmf-dist/tex/latex/latexconfig/epstopdf-sys.cfg
File: epstopdf-sys.cfg 2010/07/13 v1.3 Configuration of (r)epstopdf for TeX Liv
e
))
*geometry* driver: auto-detecting
*geometry* detected driver: pdftex
*geometry* verbose mode - [ preamble ] result:
* driver: pdftex
* paper: custom
* layout: <same size as paper>
* layoutoffset:(h,v)=(0.0pt,0.0pt)
* hratio: 1:1
* vratio: 1:1
* modes: 
* h-part:(L,W,R)=(64.75394pt, 468.0pt, 64.75394pt)
* v-part:(T,H,B)=(111.52342pt, 622.0pt, 111.52342pt)
* \paperwidth=597.50787pt
* \paperheight=845.04684pt
* \textwidth=468.0pt
* \textheight=622.0pt
* \oddsidemargin=-7.51605pt
* \evensidemargin=-7.51605pt
* \topmargin=-22.74657pt
* \headheight=50.0pt
* \headsep=12.0pt
* \topskip=10.0pt
* \footskip=18.0pt
* \marginparwidth=4.0pt
* \marginparsep=10.0pt
* \columnsep=24.0pt
* \skip\footins=24.0pt plus 2.0pt minus 12.0pt
* \hoffset=0.0pt
* \voffset=0.0pt
* \mag=1000
* \@twocolumntrue
* \@twosidefalse
* \@mparswitchfalse
* \@reversemarginfalse
* (1in=72.27pt=25.4mm, 1cm=28.453pt)


Package chemgreek Info: Activating mapping `default' on line 66.

ABD: EveryShipout initializing macros
Package caption Info: Begin \AtBeginDocument code.
Package caption Info: End \AtBeginDocument code.
LaTeX Font Info:    Font shape `OT1/txr/b/n' in size <10> not available
(Font)              Font shape `OT1/txr/bx/n' tried instead on input line 82.
LaTeX Font Info:    Trying to load font information for U+txmia on input line 1
31.

(/usr/local/texlive/2020/texmf-dist/tex/latex/txfonts/utxmia.fd
File: utxmia.fd 2000/12/15 v3.1
)
LaTeX Font Info:    Trying to load font information for U+msa on input line 131
.

(/usr/local/texlive/2020/texmf-dist/tex/latex/amsfonts/umsa.fd
File: umsa.fd 2013/01/14 v3.01 AMS symbols A
)
LaTeX Font Info:    Trying to load font information for U+msb on input line 131
.

(/usr/local/texlive/2020/texmf-dist/tex/latex/amsfonts/umsb.fd
File: umsb.fd 2013/01/14 v3.01 AMS symbols B
)
LaTeX Font Info:    Trying to load font information for U+txsyc on input line 1
31.

(/usr/local/texlive/2020/texmf-dist/tex/latex/txfonts/utxsyc.fd
File: utxsyc.fd 2000/12/15 v3.1
)
Underfull \vbox (badness 3635) has occurred while \output is active []


Overfull \hbox (1.90001pt too wide) has occurred while \output is active
[] 
 []

[1{/usr/local/texlive/2020/texmf-var/fonts/map/pdftex/updmap/pdftex.map}


]
Underfull \hbox (badness 1292) in paragraph at lines 174--175
\OT1/txr/m/n/10 negligible im-pact on car-bon emis-sions and use of
 []


Underfull \vbox (badness 1377) has occurred while \output is active []

 [2]
[3] [4] [5]
Underfull \hbox (badness 10000) in paragraph at lines 330--331
[]\OT1/txr/m/n/10 Suppose we have the train-ing set:
 []


Underfull \hbox (badness 2173) in paragraph at lines 330--331
\OT1/txr/m/n/10 (\OML/txmi/m/it/10 x[]; y[]\OT1/txr/m/n/10 )\OML/txmi/m/it/10 ;
 [] ; \OT1/txr/m/n/10 (\OML/txmi/m/it/10 x[]; y[]\OT1/txr/m/n/10 )\OML/txmi/m/i
t/10 ; [] ; \OT1/txr/m/n/10 (\OML/txmi/m/it/10 x[]; y[]\OT1/txr/m/n/10 )$, wher
e $\OML/txmi/m/it/10 x[]$ \OT1/txr/m/n/10 is the in-
 []

Package epstopdf Info: Source file: <Kell_eEnergy_Fig1.eps>
(epstopdf)                    date: 2020-05-19 09:57:39
(epstopdf)                    size: 53999 bytes
(epstopdf)             Output file: <Kell_eEnergy_Fig1-eps-converted-to.pdf>
(epstopdf)                    date: 2020-06-22 17:07:35
(epstopdf)                    size: 11174 bytes
(epstopdf)             Command: <repstopdf --outfile=Kell_eEnergy_Fig1-eps-conv
erted-to.pdf Kell_eEnergy_Fig1.eps>
(epstopdf)             \includegraphics on input line 362.
Package epstopdf Info: Output file is already uptodate.
<Kell_eEnergy_Fig1-eps-converted-to.pdf, id=26, 670.505pt x 389.455pt>
File: Kell_eEnergy_Fig1-eps-converted-to.pdf Graphic file (type pdf)
<use Kell_eEnergy_Fig1-eps-converted-to.pdf>
Package pdftex.def Info: Kell_eEnergy_Fig1-eps-converted-to.pdf  used on input 
line 362.
(pdftex.def)             Requested size: 163.80286pt x 95.14098pt.

Underfull \hbox (badness 2753) in paragraph at lines 373--374
\OT1/txr/m/n/10 sup-pose we have N ob-ser-va-tions $\OML/txmi/m/it/10 y[]; y[];
 [] ; y[]$ \OT1/txr/m/n/10 in
 []

[6 <./Kell_eEnergy_Fig1-eps-converted-to.pdf>]
<System_overview_large.png, id=43, 876.27374pt x 568.1225pt>
File: System_overview_large.png Graphic file (type png)
<use System_overview_large.png>
Package pdftex.def Info: System_overview_large.png  used on input line 468.
(pdftex.def)             Requested size: 205.92114pt x 133.50012pt.
 [7]
Underfull \hbox (badness 6893) in paragraph at lines 503--504
[]\OT1/txr/m/n/10 To find the op-ti-mum hy-per-pa-ram-e-ters, cross-
 []

[8 <./System_overview_large.png>]
Underfull \hbox (badness 4805) in paragraph at lines 557--557
[]\OT1/txr/m/n/10 [(10, 50, 100),
 []


Underfull \hbox (badness 1226) in paragraph at lines 557--557
\OT1/txr/m/n/10 (10), (20), (50),
 []


Underfull \hbox (badness 1102) in paragraph at lines 593--594
\OT1/txr/m/n/10 ab-so-lute er-ror. These in-clude the Lasso, gra-di-ent
 []


LaTeX Warning: Reference `table:offline_ml_metrics' on page 9 undefined on inpu
t line 595.


LaTeX Warning: No positions in optional float specifier.
               Default added (so using `tbp') on input line 599.


Overfull \hbox (312.43011pt too wide) in paragraph at lines 600--615
[][] 
 []

Package epstopdf Info: Source file: <offline_model_mae.eps>
(epstopdf)                    date: 2020-05-29 10:28:02
(epstopdf)                    size: 34265 bytes
(epstopdf)             Output file: <offline_model_mae-eps-converted-to.pdf>
(epstopdf)                    date: 2020-06-22 17:09:45
(epstopdf)                    size: 17144 bytes
(epstopdf)             Command: <repstopdf --outfile=offline_model_mae-eps-conv
erted-to.pdf offline_model_mae.eps>
(epstopdf)             \includegraphics on input line 620.
Package epstopdf Info: Output file is already uptodate.
<offline_model_mae-eps-converted-to.pdf, id=54, 464.73625pt x 268.00125pt>
File: offline_model_mae-eps-converted-to.pdf Graphic file (type pdf)
<use offline_model_mae-eps-converted-to.pdf>
Package pdftex.def Info: offline_model_mae-eps-converted-to.pdf  used on input 
line 620.
(pdftex.def)             Requested size: 222.0pt x 128.02164pt.
[9 <./offline_model_mae-eps-converted-to.pdf>] [10]
Package epstopdf Info: Source file: <ExtraTreesRegressor_distribution_plot.eps>

(epstopdf)                    date: 2020-05-29 14:39:32
(epstopdf)                    size: 38537 bytes
(epstopdf)             Output file: <ExtraTreesRegressor_distribution_plot-eps-
converted-to.pdf>
(epstopdf)                    date: 2020-06-22 17:09:31
(epstopdf)                    size: 17176 bytes
(epstopdf)             Command: <repstopdf --outfile=ExtraTreesRegressor_distri
bution_plot-eps-converted-to.pdf ExtraTreesRegressor_distribution_plot.eps>
(epstopdf)             \includegraphics on input line 637.
Package epstopdf Info: Output file is already uptodate.
<ExtraTreesRegressor_distribution_plot-eps-converted-to.pdf, id=105, 458.71375p
t x 396.48125pt>
File: ExtraTreesRegressor_distribution_plot-eps-converted-to.pdf Graphic file (
type pdf)
<use ExtraTreesRegressor_distribution_plot-eps-converted-to.pdf>
Package pdftex.def Info: ExtraTreesRegressor_distribution_plot-eps-converted-to
.pdf  used on input line 637.
(pdftex.def)             Requested size: 199.79865pt x 172.69179pt.
Package epstopdf Info: Source file: <offline_fit_time_vs_mae_all_results_opaque
.eps>
(epstopdf)                    date: 2020-06-22 16:06:53
(epstopdf)                    size: 382348 bytes
(epstopdf)             Output file: <offline_fit_time_vs_mae_all_results_opaque
-eps-converted-to.pdf>
(epstopdf)                    date: 2020-06-22 17:07:36
(epstopdf)                    size: 326403 bytes
(epstopdf)             Command: <repstopdf --outfile=offline_fit_time_vs_mae_al
l_results_opaque-eps-converted-to.pdf offline_fit_time_vs_mae_all_results_opaqu
e.eps>
(epstopdf)             \includegraphics on input line 677.
Package epstopdf Info: Output file is already uptodate.
<offline_fit_time_vs_mae_all_results_opaque-eps-converted-to.pdf, id=106, 855.1
95pt x 570.13pt>
File: offline_fit_time_vs_mae_all_results_opaque-eps-converted-to.pdf Graphic f
ile (type pdf)
<use offline_fit_time_vs_mae_all_results_opaque-eps-converted-to.pdf>
Package pdftex.def Info: offline_fit_time_vs_mae_all_results_opaque-eps-convert
ed-to.pdf  used on input line 677.
(pdftex.def)             Requested size: 222.0pt x 147.99542pt.
Package epstopdf Info: Source file: <offline_score_time_vs_mae_all_results_opaq
ue.eps>
(epstopdf)                    date: 2020-06-22 16:11:03
(epstopdf)                    size: 342755 bytes
(epstopdf)             Output file: <offline_score_time_vs_mae_all_results_opaq
ue-eps-converted-to.pdf>
(epstopdf)                    date: 2020-06-22 17:07:37
(epstopdf)                    size: 281976 bytes
(epstopdf)             Command: <repstopdf --outfile=offline_score_time_vs_mae_
all_results_opaque-eps-converted-to.pdf offline_score_time_vs_mae_all_results_o
paque.eps>
(epstopdf)             \includegraphics on input line 689.
Package epstopdf Info: Output file is already uptodate.
<offline_score_time_vs_mae_all_results_opaque-eps-converted-to.pdf, id=107, 855
.195pt x 570.13pt>
File: offline_score_time_vs_mae_all_results_opaque-eps-converted-to.pdf Graphic
 file (type pdf)
<use offline_score_time_vs_mae_all_results_opaque-eps-converted-to.pdf>
Package pdftex.def Info: offline_score_time_vs_mae_all_results_opaque-eps-conve
rted-to.pdf  used on input line 689.
(pdftex.def)             Requested size: 222.0pt x 147.99542pt.
Package epstopdf Info: Source file: <online_model_mae_barplot.eps>
(epstopdf)                    date: 2020-06-09 11:10:00
(epstopdf)                    size: 34726 bytes
(epstopdf)             Output file: <online_model_mae_barplot-eps-converted-to.
pdf>
(epstopdf)                    date: 2020-06-22 17:07:37
(epstopdf)                    size: 16511 bytes
(epstopdf)             Command: <repstopdf --outfile=online_model_mae_barplot-e
ps-converted-to.pdf online_model_mae_barplot.eps>
(epstopdf)             \includegraphics on input line 706.
Package epstopdf Info: Output file is already uptodate.
<online_model_mae_barplot-eps-converted-to.pdf, id=108, 1336.995pt x 758.835pt>

File: online_model_mae_barplot-eps-converted-to.pdf Graphic file (type pdf)
<use online_model_mae_barplot-eps-converted-to.pdf>
Package pdftex.def Info: online_model_mae_barplot-eps-converted-to.pdf  used on
 input line 706.
(pdftex.def)             Requested size: 222.0pt x 125.98973pt.
 [11 <./ExtraTreesRegressor_distribution_plot-eps-converted-to.pdf> <./offline_
fit_time_vs_mae_all_results_opaque-eps-converted-to.pdf> <./offline_score_time_
vs_mae_all_results_opaque-eps-converted-to.pdf>]
Package epstopdf Info: Source file: <online_learning_dists-power-01.eps>
(epstopdf)                    date: 2020-05-28 13:39:19
(epstopdf)                    size: 41779 bytes
(epstopdf)             Output file: <online_learning_dists-power-01-eps-convert
ed-to.pdf>
(epstopdf)                    date: 2020-06-22 17:07:37
(epstopdf)                    size: 18678 bytes
(epstopdf)             Command: <repstopdf --outfile=online_learning_dists-powe
r-01-eps-converted-to.pdf online_learning_dists-power-01.eps>
(epstopdf)             \includegraphics on input line 728.
Package epstopdf Info: Output file is already uptodate.
<online_learning_dists-power-01-eps-converted-to.pdf, id=174, 458.71375pt x 396
.48125pt>
File: online_learning_dists-power-01-eps-converted-to.pdf Graphic file (type pd
f)
<use online_learning_dists-power-01-eps-converted-to.pdf>
Package pdftex.def Info: online_learning_dists-power-01-eps-converted-to.pdf  u
sed on input line 728.
(pdftex.def)             Requested size: 199.79865pt x 172.69179pt.


LaTeX Warning: `h' float specifier changed to `ht'.

Package epstopdf Info: Source file: <online_learning_dists-passive.eps>
(epstopdf)                    date: 2020-05-28 13:39:11
(epstopdf)                    size: 36696 bytes
(epstopdf)             Output file: <online_learning_dists-passive-eps-converte
d-to.pdf>
(epstopdf)                    date: 2020-06-22 17:09:15
(epstopdf)                    size: 18863 bytes
(epstopdf)             Command: <repstopdf --outfile=online_learning_dists-pass
ive-eps-converted-to.pdf online_learning_dists-passive.eps>
(epstopdf)             \includegraphics on input line 737.
Package epstopdf Info: Output file is already uptodate.
<online_learning_dists-passive-eps-converted-to.pdf, id=175, 458.71375pt x 396.
48125pt>
File: online_learning_dists-passive-eps-converted-to.pdf Graphic file (type pdf
)
<use online_learning_dists-passive-eps-converted-to.pdf>
Package pdftex.def Info: online_learning_dists-passive-eps-converted-to.pdf  us
ed on input line 737.
(pdftex.def)             Requested size: 199.79865pt x 172.69179pt.

LaTeX Warning: `h' float specifier changed to `ht'.

Package epstopdf Info: Source file: <both_actual_predicted.eps>
(epstopdf)                    date: 2020-06-22 16:16:03
(epstopdf)                    size: 15113 bytes
(epstopdf)             Output file: <both_actual_predicted-eps-converted-to.pdf
>
(epstopdf)                    date: 2020-06-22 17:07:38
(epstopdf)                    size: 14804 bytes
(epstopdf)             Command: <repstopdf --outfile=both_actual_predicted-eps-
converted-to.pdf both_actual_predicted.eps>
(epstopdf)             \includegraphics on input line 748.
Package epstopdf Info: Output file is already uptodate.
<both_actual_predicted-eps-converted-to.pdf, id=176, 1138.2525pt x 569.12625pt>

File: both_actual_predicted-eps-converted-to.pdf Graphic file (type pdf)
<use both_actual_predicted-eps-converted-to.pdf>
Package pdftex.def Info: both_actual_predicted-eps-converted-to.pdf  used on in
put line 748.
(pdftex.def)             Requested size: 199.79865pt x 99.89384pt.

LaTeX Warning: `h' float specifier changed to `ht'.


Underfull \vbox (badness 1097) has occurred while \output is active []

 [12 <./online_model_mae_barplot-eps-converted-to.pdf> <./online_learning_dists
-power-01-eps-converted-to.pdf> <./online_learning_dists-passive-eps-converted-
to.pdf>]
Package epstopdf Info: Source file: <online_testing_time_vs_mae_all_results_opa
que.eps>
(epstopdf)                    date: 2020-06-17 18:40:07
(epstopdf)                    size: 941906 bytes
(epstopdf)             Output file: <online_testing_time_vs_mae_all_results_opa
que-eps-converted-to.pdf>
(epstopdf)                    date: 2020-06-22 17:07:39
(epstopdf)                    size: 453352 bytes
(epstopdf)             Command: <repstopdf --outfile=online_testing_time_vs_mae
_all_results_opaque-eps-converted-to.pdf online_testing_time_vs_mae_all_results
_opaque.eps>
(epstopdf)             \includegraphics on input line 766.
Package epstopdf Info: Output file is already uptodate.
<online_testing_time_vs_mae_all_results_opaque-eps-converted-to.pdf, id=313, 85
5.195pt x 570.13pt>
File: online_testing_time_vs_mae_all_results_opaque-eps-converted-to.pdf Graphi
c file (type pdf)
<use online_testing_time_vs_mae_all_results_opaque-eps-converted-to.pdf>
Package pdftex.def Info: online_testing_time_vs_mae_all_results_opaque-eps-conv
erted-to.pdf  used on input line 766.
(pdftex.def)             Requested size: 222.0pt x 147.99542pt.
Package epstopdf Info: Source file: <online_training_time_vs_mae_all_results_op
aque.eps>
(epstopdf)                    date: 2020-06-17 18:40:07
(epstopdf)                    size: 719013 bytes
(epstopdf)             Output file: <online_training_time_vs_mae_all_results_op
aque-eps-converted-to.pdf>
(epstopdf)                    date: 2020-06-22 17:07:39
(epstopdf)                    size: 376341 bytes
(epstopdf)             Command: <repstopdf --outfile=online_training_time_vs_ma
e_all_results_opaque-eps-converted-to.pdf online_training_time_vs_mae_all_resul
ts_opaque.eps>
(epstopdf)             \includegraphics on input line 773.
Package epstopdf Info: Output file is already uptodate.
<online_training_time_vs_mae_all_results_opaque-eps-converted-to.pdf, id=314, 8
55.195pt x 570.13pt>
File: online_training_time_vs_mae_all_results_opaque-eps-converted-to.pdf Graph
ic file (type pdf)
<use online_training_time_vs_mae_all_results_opaque-eps-converted-to.pdf>
Package pdftex.def Info: online_training_time_vs_mae_all_results_opaque-eps-con
verted-to.pdf  used on input line 773.
(pdftex.def)             Requested size: 222.0pt x 147.99542pt.


LaTeX Warning: `h' float specifier changed to `ht'.

Package epstopdf Info: Source file: <contributed_PV_mean_output.eps>
(epstopdf)                    date: 2020-05-30 15:19:46
(epstopdf)                    size: 112885 bytes
(epstopdf)             Output file: <contributed_PV_mean_output-eps-converted-t
o.pdf>
(epstopdf)                    date: 2020-06-22 17:07:40
(epstopdf)                    size: 47596 bytes
(epstopdf)             Command: <repstopdf --outfile=contributed_PV_mean_output
-eps-converted-to.pdf contributed_PV_mean_output.eps>
(epstopdf)             \includegraphics on input line 800.
Package epstopdf Info: Output file is already uptodate.
<contributed_PV_mean_output-eps-converted-to.pdf, id=315, 433.62pt x 289.08pt>
File: contributed_PV_mean_output-eps-converted-to.pdf Graphic file (type pdf)
<use contributed_PV_mean_output-eps-converted-to.pdf>
Package pdftex.def Info: contributed_PV_mean_output-eps-converted-to.pdf  used 
on input line 800.
(pdftex.def)             Requested size: 140.40143pt x 93.60141pt.
Package epstopdf Info: Source file: <contributed_Coal_mean_output.eps>
(epstopdf)                    date: 2020-05-30 15:19:46
(epstopdf)                    size: 103476 bytes
(epstopdf)             Output file: <contributed_Coal_mean_output-eps-converted
-to.pdf>
(epstopdf)                    date: 2020-06-22 17:07:40
(epstopdf)                    size: 45392 bytes
(epstopdf)             Command: <repstopdf --outfile=contributed_Coal_mean_outp
ut-eps-converted-to.pdf contributed_Coal_mean_output.eps>
(epstopdf)             \includegraphics on input line 807.
Package epstopdf Info: Output file is already uptodate.
<contributed_Coal_mean_output-eps-converted-to.pdf, id=316, 433.62pt x 289.08pt
>
File: contributed_Coal_mean_output-eps-converted-to.pdf Graphic file (type pdf)

<use contributed_Coal_mean_output-eps-converted-to.pdf>
Package pdftex.def Info: contributed_Coal_mean_output-eps-converted-to.pdf  use
d on input line 807.
(pdftex.def)             Requested size: 140.40143pt x 93.60141pt.
Package epstopdf Info: Source file: <contributed_Nuclear_mean_output.eps>
(epstopdf)                    date: 2020-05-30 15:19:46
(epstopdf)                    size: 114696 bytes
(epstopdf)             Output file: <contributed_Nuclear_mean_output-eps-conver
ted-to.pdf>
(epstopdf)                    date: 2020-06-22 17:07:41
(epstopdf)                    size: 48036 bytes
(epstopdf)             Command: <repstopdf --outfile=contributed_Nuclear_mean_o
utput-eps-converted-to.pdf contributed_Nuclear_mean_output.eps>
(epstopdf)             \includegraphics on input line 815.
Package epstopdf Info: Output file is already uptodate.
<contributed_Nuclear_mean_output-eps-converted-to.pdf, id=317, 433.62pt x 289.0
8pt>
File: contributed_Nuclear_mean_output-eps-converted-to.pdf Graphic file (type p
df)
<use contributed_Nuclear_mean_output-eps-converted-to.pdf>
Package pdftex.def Info: contributed_Nuclear_mean_output-eps-converted-to.pdf  
used on input line 815.
(pdftex.def)             Requested size: 140.40143pt x 93.60141pt.
Package epstopdf Info: Source file: <contributed_Offshore_mean_output.eps>
(epstopdf)                    date: 2020-05-30 15:19:46
(epstopdf)                    size: 108561 bytes
(epstopdf)             Output file: <contributed_Offshore_mean_output-eps-conve
rted-to.pdf>
(epstopdf)                    date: 2020-06-22 17:07:42
(epstopdf)                    size: 47385 bytes
(epstopdf)             Command: <repstopdf --outfile=contributed_Offshore_mean_
output-eps-converted-to.pdf contributed_Offshore_mean_output.eps>
(epstopdf)             \includegraphics on input line 823.
Package epstopdf Info: Output file is already uptodate.
<contributed_Offshore_mean_output-eps-converted-to.pdf, id=318, 433.62pt x 289.
08pt>
File: contributed_Offshore_mean_output-eps-converted-to.pdf Graphic file (type 
pdf)
<use contributed_Offshore_mean_output-eps-converted-to.pdf>
Package pdftex.def Info: contributed_Offshore_mean_output-eps-converted-to.pdf 
 used on input line 823.
(pdftex.def)             Requested size: 140.40143pt x 93.60141pt.
Package epstopdf Info: Source file: <contributed_Recip_gas_mean_output.eps>
(epstopdf)                    date: 2020-05-30 15:19:46
(epstopdf)                    size: 111769 bytes
(epstopdf)             Output file: <contributed_Recip_gas_mean_output-eps-conv
erted-to.pdf>
(epstopdf)                    date: 2020-06-02 13:16:15
(epstopdf)                    size: 47353 bytes
(epstopdf)             Command: <repstopdf --outfile=contributed_Recip_gas_mean
_output-eps-converted-to.pdf contributed_Recip_gas_mean_output.eps>
(epstopdf)             \includegraphics on input line 830.
Package epstopdf Info: Output file is already uptodate.
<contributed_Recip_gas_mean_output-eps-converted-to.pdf, id=319, 433.62pt x 289
.08pt>
File: contributed_Recip_gas_mean_output-eps-converted-to.pdf Graphic file (type
 pdf)
<use contributed_Recip_gas_mean_output-eps-converted-to.pdf>
Package pdftex.def Info: contributed_Recip_gas_mean_output-eps-converted-to.pdf
  used on input line 830.
(pdftex.def)             Requested size: 140.40143pt x 93.60141pt.

LaTeX Warning: `!h' float specifier changed to `!ht'.

[13 <./both_actual_predicted-eps-converted-to.pdf> <./online_testing_time_vs_ma
e_all_results_opaque-eps-converted-to.pdf> <./online_training_time_vs_mae_all_r
esults_opaque-eps-converted-to.pdf>]
Package epstopdf Info: Source file: <total_CCGT_mean_output.eps>
(epstopdf)                    date: 2020-05-30 15:19:46
(epstopdf)                    size: 107977 bytes
(epstopdf)             Output file: <total_CCGT_mean_output-eps-converted-to.pd
f>
(epstopdf)                    date: 2020-06-22 17:07:42
(epstopdf)                    size: 46929 bytes
(epstopdf)             Command: <repstopdf --outfile=total_CCGT_mean_output-eps
-converted-to.pdf total_CCGT_mean_output.eps>
(epstopdf)             \includegraphics on input line 923.
Package epstopdf Info: Output file is already uptodate.
<total_CCGT_mean_output-eps-converted-to.pdf, id=344, 433.62pt x 289.08pt>
File: total_CCGT_mean_output-eps-converted-to.pdf Graphic file (type pdf)
<use total_CCGT_mean_output-eps-converted-to.pdf>
Package pdftex.def Info: total_CCGT_mean_output-eps-converted-to.pdf  used on i
nput line 923.
(pdftex.def)             Requested size: 140.40143pt x 93.60141pt.
Package epstopdf Info: Source file: <total_Coal_mean_output.eps>
(epstopdf)                    date: 2020-05-30 15:19:47
(epstopdf)                    size: 113011 bytes
(epstopdf)             Output file: <total_Coal_mean_output-eps-converted-to.pd
f>
(epstopdf)                    date: 2020-06-22 17:07:43
(epstopdf)                    size: 49637 bytes
(epstopdf)             Command: <repstopdf --outfile=total_Coal_mean_output-eps
-converted-to.pdf total_Coal_mean_output.eps>
(epstopdf)             \includegraphics on input line 930.
Package epstopdf Info: Output file is already uptodate.
<total_Coal_mean_output-eps-converted-to.pdf, id=345, 433.62pt x 289.08pt>
File: total_Coal_mean_output-eps-converted-to.pdf Graphic file (type pdf)
<use total_Coal_mean_output-eps-converted-to.pdf>
Package pdftex.def Info: total_Coal_mean_output-eps-converted-to.pdf  used on i
nput line 930.
(pdftex.def)             Requested size: 140.40143pt x 93.60141pt.
Package epstopdf Info: Source file: <total_Onshore_mean_output.eps>
(epstopdf)                    date: 2020-05-30 15:19:47
(epstopdf)                    size: 113267 bytes
(epstopdf)             Output file: <total_Onshore_mean_output-eps-converted-to
.pdf>
(epstopdf)                    date: 2020-06-22 17:07:43
(epstopdf)                    size: 48835 bytes
(epstopdf)             Command: <repstopdf --outfile=total_Onshore_mean_output-
eps-converted-to.pdf total_Onshore_mean_output.eps>
(epstopdf)             \includegraphics on input line 937.
Package epstopdf Info: Output file is already uptodate.
<total_Onshore_mean_output-eps-converted-to.pdf, id=346, 433.62pt x 289.08pt>
File: total_Onshore_mean_output-eps-converted-to.pdf Graphic file (type pdf)
<use total_Onshore_mean_output-eps-converted-to.pdf>
Package pdftex.def Info: total_Onshore_mean_output-eps-converted-to.pdf  used o
n input line 937.
(pdftex.def)             Requested size: 140.40143pt x 93.60141pt.
Package epstopdf Info: Source file: <total_Offshore_mean_output.eps>
(epstopdf)                    date: 2020-05-30 15:19:47
(epstopdf)                    size: 96398 bytes
(epstopdf)             Output file: <total_Offshore_mean_output-eps-converted-t
o.pdf>
(epstopdf)                    date: 2020-06-22 17:07:44
(epstopdf)                    size: 42999 bytes
(epstopdf)             Command: <repstopdf --outfile=total_Offshore_mean_output
-eps-converted-to.pdf total_Offshore_mean_output.eps>
(epstopdf)             \includegraphics on input line 945.
Package epstopdf Info: Output file is already uptodate.
<total_Offshore_mean_output-eps-converted-to.pdf, id=347, 433.62pt x 289.08pt>
File: total_Offshore_mean_output-eps-converted-to.pdf Graphic file (type pdf)
<use total_Offshore_mean_output-eps-converted-to.pdf>
Package pdftex.def Info: total_Offshore_mean_output-eps-converted-to.pdf  used 
on input line 945.
(pdftex.def)             Requested size: 140.40143pt x 93.60141pt.
Package epstopdf Info: Source file: <total_Nuclear_mean_output.eps>
(epstopdf)                    date: 2020-05-30 15:19:47
(epstopdf)                    size: 112632 bytes
(epstopdf)             Output file: <total_Nuclear_mean_output-eps-converted-to
.pdf>
(epstopdf)                    date: 2020-06-22 17:07:45
(epstopdf)                    size: 47417 bytes
(epstopdf)             Command: <repstopdf --outfile=total_Nuclear_mean_output-
eps-converted-to.pdf total_Nuclear_mean_output.eps>
(epstopdf)             \includegraphics on input line 951.
Package epstopdf Info: Output file is already uptodate.
<total_Nuclear_mean_output-eps-converted-to.pdf, id=348, 433.62pt x 289.08pt>
File: total_Nuclear_mean_output-eps-converted-to.pdf Graphic file (type pdf)
<use total_Nuclear_mean_output-eps-converted-to.pdf>
Package pdftex.def Info: total_Nuclear_mean_output-eps-converted-to.pdf  used o
n input line 951.
(pdftex.def)             Requested size: 140.40143pt x 93.60141pt.
Package epstopdf Info: Source file: <total_PV_mean_output.eps>
(epstopdf)                    date: 2020-05-30 15:19:47
(epstopdf)                    size: 111793 bytes
(epstopdf)             Output file: <total_PV_mean_output-eps-converted-to.pdf>

(epstopdf)                    date: 2020-06-22 17:07:45
(epstopdf)                    size: 48496 bytes
(epstopdf)             Command: <repstopdf --outfile=total_PV_mean_output-eps-c
onverted-to.pdf total_PV_mean_output.eps>
(epstopdf)             \includegraphics on input line 959.
Package epstopdf Info: Output file is already uptodate.
<total_PV_mean_output-eps-converted-to.pdf, id=349, 433.62pt x 289.08pt>
File: total_PV_mean_output-eps-converted-to.pdf Graphic file (type pdf)
<use total_PV_mean_output-eps-converted-to.pdf>
Package pdftex.def Info: total_PV_mean_output-eps-converted-to.pdf  used on inp
ut line 959.
(pdftex.def)             Requested size: 140.40143pt x 93.60141pt.


LaTeX Warning: `!h' float specifier changed to `!ht'.

Package epstopdf Info: Source file: <total_Recip_gas_mean_output.eps>
(epstopdf)                    date: 2020-05-30 15:19:47
(epstopdf)                    size: 116630 bytes
(epstopdf)             Output file: <total_Recip_gas_mean_output-eps-converted-
to.pdf>
(epstopdf)                    date: 2020-06-22 17:07:46
(epstopdf)                    size: 47475 bytes
(epstopdf)             Command: <repstopdf --outfile=total_Recip_gas_mean_outpu
t-eps-converted-to.pdf total_Recip_gas_mean_output.eps>
(epstopdf)             \includegraphics on input line 978.
Package epstopdf Info: Output file is already uptodate.
<total_Recip_gas_mean_output-eps-converted-to.pdf, id=350, 433.62pt x 289.08pt>

File: total_Recip_gas_mean_output-eps-converted-to.pdf Graphic file (type pdf)
<use total_Recip_gas_mean_output-eps-converted-to.pdf>
Package pdftex.def Info: total_Recip_gas_mean_output-eps-converted-to.pdf  used
 on input line 978.
(pdftex.def)             Requested size: 154.44086pt x 102.96155pt.
Package epstopdf Info: Source file: <Carbon_emitted_mean_output.eps>
(epstopdf)                    date: 2020-05-30 15:19:45
(epstopdf)                    size: 108443 bytes
(epstopdf)             Output file: <Carbon_emitted_mean_output-eps-converted-t
o.pdf>
(epstopdf)                    date: 2020-06-22 17:07:46
(epstopdf)                    size: 46366 bytes
(epstopdf)             Command: <repstopdf --outfile=Carbon_emitted_mean_output
-eps-converted-to.pdf Carbon_emitted_mean_output.eps>
(epstopdf)             \includegraphics on input line 986.
Package epstopdf Info: Output file is already uptodate.
<Carbon_emitted_mean_output-eps-converted-to.pdf, id=351, 433.62pt x 289.08pt>
File: Carbon_emitted_mean_output-eps-converted-to.pdf Graphic file (type pdf)
<use Carbon_emitted_mean_output-eps-converted-to.pdf>
Package pdftex.def Info: Carbon_emitted_mean_output-eps-converted-to.pdf  used 
on input line 986.
(pdftex.def)             Requested size: 154.44086pt x 102.96155pt.

LaTeX Warning: `!h' float specifier changed to `!ht'.

[14 <./contributed_PV_mean_output-eps-converted-to.pdf> <./contributed_Coal_mea
n_output-eps-converted-to.pdf> <./contributed_Nuclear_mean_output-eps-converted
-to.pdf> <./contributed_Offshore_mean_output-eps-converted-to.pdf> <./contribut
ed_Recip_gas_mean_output-eps-converted-to.pdf>]
Underfull \vbox (badness 2582) has occurred while \output is active []

 [15 <./total_CCGT_mean_output-eps-converted-to.pdf> <./total_Coal_mean_output-
eps-converted-to.pdf> <./total_Onshore_mean_output-eps-converted-to.pdf> <./tot
al_Offshore_mean_output-eps-converted-to.pdf> <./total_Nuclear_mean_output-eps-
converted-to.pdf> <./total_PV_mean_output-eps-converted-to.pdf> <./total_Recip_
gas_mean_output-eps-converted-to.pdf> <./Carbon_emitted_mean_output-eps-convert
ed-to.pdf>]
(./elsarticle-template-harv.bbl [16]
Underfull \hbox (badness 1178) in paragraph at lines 73--76
[]\OT1/txr/m/n/8 M. W. Ah-mad, M. Mour-shed, Y. Rezgui, Trees vs Neu-
 []


Overfull \hbox (0.85022pt too wide) in paragraph at lines 101--108
\OT1/txr/m/n/8 URL \OT1/cmtt/m/n/8 http://ieeexplore.ieee.org/document/7998331/
 
 []


Underfull \hbox (badness 2961) in paragraph at lines 110--114
[]\OT1/txr/m/n/8 G. Gross, F. Galiana, Short-term load fore-cast-ing, Pro-
 []


Underfull \hbox (badness 10000) in paragraph at lines 110--114
\OT1/txr/m/n/8 ceed-ings of the IEEE 75 (12) (1987) 1558--1573.
 []


Underfull \hbox (badness 10000) in paragraph at lines 120--125
[]\OT1/txr/m/n/8 A. K. Fard, M.-R. Akbari-Zadeh, A hy-brid method
 []


Underfull \hbox (badness 3189) in paragraph at lines 120--125
\OT1/txr/m/n/8 based on wavelet, ANN and ARIMA model for short-
 []


Underfull \hbox (badness 3713) in paragraph at lines 120--125
\OT1/txr/m/n/8 term load fore-cast-ing, Jour-nal of Ex-per-i-men-tal & The-
 []


Underfull \hbox (badness 10000) in paragraph at lines 120--125
\OT1/txr/m/n/8 o-ret-i-cal Ar-ti-fi-cial In-tel-li-gence 26 (2) (2014) 167--182
.
 []


Underfull \hbox (badness 1348) in paragraph at lines 158--164
[]\OT1/txr/m/n/8 P. Goncalves Da Silva, D. Ilic, S. Karnouskos, The Im-
 []


Underfull \vbox (badness 10000) has occurred while \output is active []


Underfull \hbox (badness 1314) in paragraph at lines 184--188
\OT1/txr/m/n/8 In-tel-li-gence 40 (1-3) (1989) 185--234.  doi:10.1016/0004-
 []


Underfull \hbox (badness 1117) in paragraph at lines 190--195
\OT1/txr/m/n/8 Lasso, Jour-nal of the Royal Sta-tis-ti-cal So-ci-ety: Se-ries B

 []


Underfull \hbox (badness 1102) in paragraph at lines 197--201
[]\OT1/txr/m/n/8 P. Geladi, Mea-sure-ment, re-gres-sion and cal-i-bra-tion, phi
lip
 []


Underfull \hbox (badness 1163) in paragraph at lines 217--223
\OT1/txr/m/n/8 5--32.  arXiv:/dx.doi.org/10.1023%2FA%3A1010933404324,
 []


Underfull \hbox (badness 1533) in paragraph at lines 236--242
[]\OT1/txr/m/n/8 C. Cortes, V. Vap-nik, Support-Vector Net-works, Ma-chine
 []


Underfull \hbox (badness 3128) in paragraph at lines 264--268
[]\OT1/txr/m/n/8 H. Drucker, C. J. C. Burges, L. Kauf-man, A. Smola,
 []


Underfull \hbox (badness 10000) in paragraph at lines 270--276
[]\OT1/txr/m/n/8 A. J. Smola, B. Sch[]olkopf, A tu-to-rial on sup-
 []


Underfull \hbox (badness 10000) in paragraph at lines 270--276
\OT1/txr/m/n/8 port vec-tor re-gres-sion, Statis-tics and Com-put-ing
 []


Underfull \hbox (badness 10000) in paragraph at lines 270--276
\OT1/txr/m/n/8 14 (3) (2004) 199--222.  arXiv:arXiv:1011.1669v3,
 []


Underfull \hbox (badness 2057) in paragraph at lines 278--284
[]\OT1/txr/m/n/8 H. Akaike, A New Look at the Sta-tis-ti-cal Model Iden-
 []


Underfull \hbox (badness 10000) in paragraph at lines 278--284
\OT1/txr/m/n/8 ti-fi-ca-tion, IEEE Trans-ac-tions on Au-to-matic Con-trol
 []


Underfull \hbox (badness 10000) in paragraph at lines 278--284
\OT1/txr/m/n/8 19 (6) (1974) 716--723.  arXiv:arXiv:1011.1669v3,
 []


Underfull \vbox (badness 10000) has occurred while \output is active []

 [17])
[18

] (./elsarticle-template-harv.aux)

LaTeX Warning: There were undefined references.

 ) 
Here is how much of TeX's memory you used:
 11645 strings out of 480608
 203490 string characters out of 5903630
 643990 words of memory out of 5000000
 27251 multiletter control sequences out of 15000+600000
 565190 words of font info for 101 fonts, out of 8000000 for 9000
 1141 hyphenation exceptions out of 8191
 62i,15n,100p,1256b,548s stack positions out of 5000i,500n,10000p,200000b,80000s
{/usr/local/texlive/2020/texmf-dist/fonts/enc/dvips/base/8r.enc}</usr/local/t
exlive/2020/texmf-dist/fonts/type1/public/amsfonts/cm/cmtt8.pfb></usr/local/tex
live/2020/texmf-dist/fonts/type1/public/txfonts/rtxi.pfb></usr/local/texlive/20
20/texmf-dist/fonts/type1/public/txfonts/rtxmi.pfb></usr/local/texlive/2020/tex
mf-dist/fonts/type1/public/txfonts/rtxr.pfb></usr/local/texlive/2020/texmf-dist
/fonts/type1/public/txfonts/txex.pfb></usr/local/texlive/2020/texmf-dist/fonts/
type1/public/txfonts/txsy.pfb></usr/local/texlive/2020/texmf-dist/fonts/type1/u
rw/times/utmb8a.pfb></usr/local/texlive/2020/texmf-dist/fonts/type1/urw/times/u
tmbi8a.pfb></usr/local/texlive/2020/texmf-dist/fonts/type1/urw/times/utmr8a.pfb
></usr/local/texlive/2020/texmf-dist/fonts/type1/urw/times/utmri8a.pfb>
Output written on elsarticle-template-harv.pdf (18 pages, 2317239 bytes).
PDF statistics:
 442 PDF objects out of 1000 (max. 8388607)
 159 compressed objects within 2 object streams
 0 named destinations out of 1000 (max. 500000)
 126 words of extra memory for PDF output out of 10000 (max. 10000000)

